android/app/build/intermediates/manifest_merge_blame_file/debug/manifest-merger-blame-debug-report.txt
1<?xml version="1.0" encoding="utf-8"?>
2<manifest xmlns:android="http://schemas.android.com/apk/res/android"
3    package="com.example.text_recognition"
4    android:versionCode="1"
5    android:versionName="1.0.0" >
6
7    <uses-sdk
8        android:minSdkVersion="24"
9        android:targetSdkVersion="33" />
10    <!--
11         The INTERNET permission is required for development. Specifically,
12         the Flutter tool needs it to communicate with the running application
13         to allow setting breakpoints, to provide hot reload, etc.
14    -->
15    <uses-permission android:name="android.permission.INTERNET" />
15-->src\debug\AndroidManifest.xml:6:5-66
15-->src\debug\AndroidManifest.xml:6:22-64
16    <!--
17     Required to query activities that can process text, see:
18         https://developer.android.com/training/package-visibility?hl=en and
19         https://developer.android.com/reference/android/content/Intent#ACTION_PROCESS_TEXT.
20
21         In particular, this is used by the Flutter engine in io.flutter.plugin.text.ProcessTextPlugin.
22    -->
23    <queries>
23-->src\main\AndroidManifest.xml:39:5-44:15
24        <intent>
24-->src\main\AndroidManifest.xml:40:9-43:18
25            <action android:name="android.intent.action.PROCESS_TEXT" />
25-->src\main\AndroidManifest.xml:41:13-72
25-->src\main\AndroidManifest.xml:41:21-70
26
27            <data android:mimeType="text/plain" />
27-->src\main\AndroidManifest.xml:42:13-50
27-->src\main\AndroidManifest.xml:42:19-48
28        </intent>
29
30        <package android:name="com.google.ar.core" />
30-->[com.google.ar:core:1.22.0] AndroidManifest.xml:30:9-54
30-->[com.google.ar:core:1.22.0] AndroidManifest.xml:30:18-51
31    </queries>
32
33    <uses-permission android:name="android.permission.CAMERA" />
33-->[:arcore_flutter_plugin] AndroidManifest.xml:9:5-65
33-->[:arcore_flutter_plugin] AndroidManifest.xml:9:22-62
34    <!--
35         Indicates that app requires ARCore ("AR Required"). Ensures app is only
36         visible in the Google Play Store on devices that support ARCore.
37    -->
38    <uses-feature android:name="android.hardware.camera.ar" /> <!-- Sceneform requires OpenGL ES 3.0 or later. -->
38-->[:arcore_flutter_plugin] AndroidManifest.xml:15:5-63
38-->[:arcore_flutter_plugin] AndroidManifest.xml:15:19-60
39    <uses-feature
39-->[:arcore_flutter_plugin] AndroidManifest.xml:18:5-20:35
40        android:glEsVersion="0x00030000"
40-->[:arcore_flutter_plugin] AndroidManifest.xml:19:9-41
41        android:required="true" />
41-->[:arcore_flutter_plugin] AndroidManifest.xml:20:9-32
42    <uses-feature
42-->[:camera_android_camerax] AndroidManifest.xml:10:5-64
43        android:name="android.hardware.camera.any"
43-->[:camera_android_camerax] AndroidManifest.xml:10:19-61
44        android:required="true" />
44-->[:edge_detection] AndroidManifest.xml:13:9-32
45
46    <uses-permission android:name="android.permission.RECORD_AUDIO" />
46-->[:camera_android_camerax] AndroidManifest.xml:13:5-71
46-->[:camera_android_camerax] AndroidManifest.xml:13:22-68
47    <uses-permission
47-->[:camera_android_camerax] AndroidManifest.xml:14:5-16:38
48        android:name="android.permission.WRITE_EXTERNAL_STORAGE"
48-->[:camera_android_camerax] AndroidManifest.xml:15:9-65
49        android:maxSdkVersion="28" />
49-->[:camera_android_camerax] AndroidManifest.xml:16:9-35
50    <uses-permission
50-->[:edge_detection] AndroidManifest.xml:15:5-19:44
51        android:name="android.permission.FLASHLIGHT"
51-->[:edge_detection] AndroidManifest.xml:16:9-53
52        android:maxSdkVersion="30"
52-->[:edge_detection] AndroidManifest.xml:17:9-35
53        android:permissionGroup="android.permission-group.HARDWARE_CONTROLS"
53-->[:edge_detection] AndroidManifest.xml:18:9-77
54        android:protectionLevel="normal" />
54-->[:edge_detection] AndroidManifest.xml:19:9-41
55    <uses-permission android:name="android.permission.ACCESS_FINE_LOCATION" />
55-->[:ar_flutter_plugin] AndroidManifest.xml:10:5-79
55-->[:ar_flutter_plugin] AndroidManifest.xml:10:22-76
56
57    <permission
57-->[androidx.core:core:1.13.0] AndroidManifest.xml:22:5-24:47
58        android:name="com.example.text_recognition.DYNAMIC_RECEIVER_NOT_EXPORTED_PERMISSION"
58-->[androidx.core:core:1.13.0] AndroidManifest.xml:23:9-81
59        android:protectionLevel="signature" />
59-->[androidx.core:core:1.13.0] AndroidManifest.xml:24:9-44
60
61    <uses-permission android:name="com.example.text_recognition.DYNAMIC_RECEIVER_NOT_EXPORTED_PERMISSION" /> <!-- Although the *SdkVersion is captured in gradle build files, this is required for non gradle builds -->
61-->[androidx.core:core:1.13.0] AndroidManifest.xml:26:5-97
61-->[androidx.core:core:1.13.0] AndroidManifest.xml:26:22-94
62    <!-- <uses-sdk android:minSdkVersion="14"/> -->
63    <uses-permission android:name="android.permission.ACCESS_NETWORK_STATE" />
63-->[com.google.android.datatransport:transport-backend-cct:2.3.3] AndroidManifest.xml:25:5-79
63-->[com.google.android.datatransport:transport-backend-cct:2.3.3] AndroidManifest.xml:25:22-76
64
65    <application
66        android:name="android.app.Application"
67        android:allowBackup="false"
67-->[:edge_detection] AndroidManifest.xml:22:9-36
68        android:appComponentFactory="androidx.core.app.CoreComponentFactory"
68-->[androidx.core:core:1.13.0] AndroidManifest.xml:28:18-86
69        android:debuggable="true"
70        android:extractNativeLibs="false"
71        android:icon="@mipmap/ic_launcher"
72        android:label="text_recognition"
73        android:requestLegacyExternalStorage="true"
73-->[:edge_detection] AndroidManifest.xml:23:9-52
74        android:supportsRtl="true"
74-->[:edge_detection] AndroidManifest.xml:24:9-35
75        android:theme="@style/AppTheme" >
75-->[:edge_detection] AndroidManifest.xml:25:9-40
76        <activity
77            android:name="com.example.text_recognition.MainActivity"
78            android:configChanges="orientation|keyboardHidden|keyboard|screenSize|smallestScreenSize|locale|layoutDirection|fontScale|screenLayout|density|uiMode"
79            android:exported="true"
80            android:hardwareAccelerated="true"
81            android:launchMode="singleTop"
82            android:requestLegacyExternalStorage="true"
83            android:theme="@style/LaunchTheme"
84            android:windowSoftInputMode="adjustResize" >
85
86            <!--
87                 Specifies an Android theme to apply to this Activity as soon as
88                 the Android process has started. This theme is visible to the user
89                 while the Flutter UI initializes. After that, this theme continues
90                 to determine the Window background behind the Flutter UI.
91            -->
92            <meta-data
93                android:name="io.flutter.embedding.android.NormalTheme"
94                android:resource="@style/NormalTheme" />
95
96            <intent-filter>
97                <action android:name="android.intent.action.MAIN" />
98
99                <category android:name="android.intent.category.LAUNCHER" />
100            </intent-filter>
101        </activity>
102        <!--
103             Don't delete the meta-data below.
104             This is used by the Flutter tool to generate GeneratedPluginRegistrant.java
105        -->
106        <meta-data
107            android:name="flutterEmbedding"
108            android:value="2" />
109        <!--
110             Indicates that app requires ARCore ("AR Required"). Causes Google
111             Play Store to download and install ARCore when the app is installed.
112        -->
113        <meta-data
113-->[:arcore_flutter_plugin] AndroidManifest.xml:28:9-30:40
114            android:name="com.google.ar.core"
114-->[:arcore_flutter_plugin] AndroidManifest.xml:29:13-46
115            android:value="optional" />
115-->[:arcore_flutter_plugin] AndroidManifest.xml:30:13-37
116
117        <service
117-->[:geolocator_android] AndroidManifest.xml:10:9-14:56
118            android:name="com.baseflow.geolocator.GeolocatorLocationService"
118-->[:geolocator_android] AndroidManifest.xml:11:13-77
119            android:enabled="true"
119-->[:geolocator_android] AndroidManifest.xml:12:13-35
120            android:exported="false"
120-->[:geolocator_android] AndroidManifest.xml:13:13-37
121            android:foregroundServiceType="location" />
121-->[:geolocator_android] AndroidManifest.xml:14:13-53
122
123        <provider
123-->[:image_picker_android] AndroidManifest.xml:11:9-19:20
124            android:name="io.flutter.plugins.imagepicker.ImagePickerFileProvider"
124-->[:image_picker_android] AndroidManifest.xml:12:13-82
125            android:authorities="com.example.text_recognition.flutter.image_provider"
125-->[:image_picker_android] AndroidManifest.xml:13:13-74
126            android:exported="false"
126-->[:image_picker_android] AndroidManifest.xml:14:13-37
127            android:grantUriPermissions="true" >
127-->[:image_picker_android] AndroidManifest.xml:15:13-47
128            <meta-data
128-->[:image_picker_android] AndroidManifest.xml:16:13-18:75
129                android:name="android.support.FILE_PROVIDER_PATHS"
129-->[:image_picker_android] AndroidManifest.xml:17:17-67
130                android:resource="@xml/flutter_image_picker_file_paths" />
130-->[:image_picker_android] AndroidManifest.xml:18:17-72
131        </provider> <!-- Trigger Google Play services to install the backported photo picker module. -->
132        <service
132-->[:image_picker_android] AndroidManifest.xml:21:9-33:19
133            android:name="com.google.android.gms.metadata.ModuleDependencies"
133-->[:image_picker_android] AndroidManifest.xml:22:13-78
134            android:enabled="false"
134-->[:image_picker_android] AndroidManifest.xml:23:13-36
135            android:exported="false" >
135-->[:image_picker_android] AndroidManifest.xml:24:13-37
136            <intent-filter>
136-->[:image_picker_android] AndroidManifest.xml:26:13-28:29
137                <action android:name="com.google.android.gms.metadata.MODULE_DEPENDENCIES" />
137-->[:image_picker_android] AndroidManifest.xml:27:17-94
137-->[:image_picker_android] AndroidManifest.xml:27:25-91
138            </intent-filter>
139
140            <meta-data
140-->[:image_picker_android] AndroidManifest.xml:30:13-32:36
141                android:name="photopicker_activity:0:required"
141-->[:image_picker_android] AndroidManifest.xml:31:17-63
142                android:value="" />
142-->[:image_picker_android] AndroidManifest.xml:32:17-33
143        </service>
144
145        <activity
145-->[:edge_detection] AndroidManifest.xml:26:9-29:52
146            android:name="com.sample.edgedetection.scan.ScanActivity"
146-->[:edge_detection] AndroidManifest.xml:27:13-70
147            android:launchMode="singleTask"
147-->[:edge_detection] AndroidManifest.xml:28:13-44
148            android:screenOrientation="portrait" />
148-->[:edge_detection] AndroidManifest.xml:29:13-49
149        <activity
149-->[:edge_detection] AndroidManifest.xml:30:9-33:52
150            android:name="com.sample.edgedetection.crop.CropActivity"
150-->[:edge_detection] AndroidManifest.xml:31:13-70
151            android:launchMode="singleTask"
151-->[:edge_detection] AndroidManifest.xml:32:13-44
152            android:screenOrientation="portrait" />
152-->[:edge_detection] AndroidManifest.xml:33:13-49
153
154        <uses-library
154-->[androidx.window:window:1.0.0-beta04] AndroidManifest.xml:25:9-27:40
155            android:name="androidx.window.extensions"
155-->[androidx.window:window:1.0.0-beta04] AndroidManifest.xml:26:13-54
156            android:required="false" />
156-->[androidx.window:window:1.0.0-beta04] AndroidManifest.xml:27:13-37
157        <uses-library
157-->[androidx.window:window:1.0.0-beta04] AndroidManifest.xml:28:9-30:40
158            android:name="androidx.window.sidecar"
158-->[androidx.window:window:1.0.0-beta04] AndroidManifest.xml:29:13-51
159            android:required="false" />
159-->[androidx.window:window:1.0.0-beta04] AndroidManifest.xml:30:13-37
160
161        <service
161-->[com.google.android.gms:play-services-mlkit-text-recognition-common:19.1.0] AndroidManifest.xml:9:9-15:19
162            android:name="com.google.mlkit.common.internal.MlKitComponentDiscoveryService"
162-->[com.google.android.gms:play-services-mlkit-text-recognition-common:19.1.0] AndroidManifest.xml:10:13-91
163            android:directBootAware="true"
163-->[com.google.mlkit:common:18.11.0] AndroidManifest.xml:17:13-43
164            android:exported="false" >
164-->[com.google.android.gms:play-services-mlkit-text-recognition-common:19.1.0] AndroidManifest.xml:11:13-37
165            <meta-data
165-->[com.google.android.gms:play-services-mlkit-text-recognition-common:19.1.0] AndroidManifest.xml:12:13-14:85
166                android:name="com.google.firebase.components:com.google.mlkit.vision.text.internal.TextRegistrar"
166-->[com.google.android.gms:play-services-mlkit-text-recognition-common:19.1.0] AndroidManifest.xml:13:17-114
167                android:value="com.google.firebase.components.ComponentRegistrar" />
167-->[com.google.android.gms:play-services-mlkit-text-recognition-common:19.1.0] AndroidManifest.xml:14:17-82
168            <meta-data
168-->[com.google.mlkit:vision-common:17.3.0] AndroidManifest.xml:12:13-14:85
169                android:name="com.google.firebase.components:com.google.mlkit.vision.common.internal.VisionCommonRegistrar"
169-->[com.google.mlkit:vision-common:17.3.0] AndroidManifest.xml:13:17-124
170                android:value="com.google.firebase.components.ComponentRegistrar" />
170-->[com.google.mlkit:vision-common:17.3.0] AndroidManifest.xml:14:17-82
171            <meta-data
171-->[com.google.mlkit:common:18.11.0] AndroidManifest.xml:20:13-22:85
172                android:name="com.google.firebase.components:com.google.mlkit.common.internal.CommonComponentRegistrar"
172-->[com.google.mlkit:common:18.11.0] AndroidManifest.xml:21:17-120
173                android:value="com.google.firebase.components.ComponentRegistrar" />
173-->[com.google.mlkit:common:18.11.0] AndroidManifest.xml:22:17-82
174        </service>
175
176        <provider
176-->[com.google.mlkit:common:18.11.0] AndroidManifest.xml:9:9-13:38
177            android:name="com.google.mlkit.common.internal.MlKitInitProvider"
177-->[com.google.mlkit:common:18.11.0] AndroidManifest.xml:10:13-78
178            android:authorities="com.example.text_recognition.mlkitinitprovider"
178-->[com.google.mlkit:common:18.11.0] AndroidManifest.xml:11:13-69
179            android:exported="false"
179-->[com.google.mlkit:common:18.11.0] AndroidManifest.xml:12:13-37
180            android:initOrder="99" />
180-->[com.google.mlkit:common:18.11.0] AndroidManifest.xml:13:13-35
181
182        <activity
182-->[com.google.android.gms:play-services-auth:16.0.1] AndroidManifest.xml:23:9-27:75
183            android:name="com.google.android.gms.auth.api.signin.internal.SignInHubActivity"
183-->[com.google.android.gms:play-services-auth:16.0.1] AndroidManifest.xml:24:13-93
184            android:excludeFromRecents="true"
184-->[com.google.android.gms:play-services-auth:16.0.1] AndroidManifest.xml:25:13-46
185            android:exported="false"
185-->[com.google.android.gms:play-services-auth:16.0.1] AndroidManifest.xml:26:13-37
186            android:theme="@android:style/Theme.Translucent.NoTitleBar" />
186-->[com.google.android.gms:play-services-auth:16.0.1] AndroidManifest.xml:27:13-72
187        <!--
188            Service handling Google Sign-In user revocation. For apps that do not integrate with
189            Google Sign-In, this service will never be started.
190        -->
191        <service
191-->[com.google.android.gms:play-services-auth:16.0.1] AndroidManifest.xml:33:9-36:110
192            android:name="com.google.android.gms.auth.api.signin.RevocationBoundService"
192-->[com.google.android.gms:play-services-auth:16.0.1] AndroidManifest.xml:34:13-89
193            android:exported="true"
193-->[com.google.android.gms:play-services-auth:16.0.1] AndroidManifest.xml:35:13-36
194            android:permission="com.google.android.gms.auth.api.signin.permission.REVOCATION_NOTIFICATION" />
194-->[com.google.android.gms:play-services-auth:16.0.1] AndroidManifest.xml:36:13-107
195
196        <activity
196-->[com.google.android.gms:play-services-base:18.5.0] AndroidManifest.xml:5:9-173
197            android:name="com.google.android.gms.common.api.GoogleApiActivity"
197-->[com.google.android.gms:play-services-base:18.5.0] AndroidManifest.xml:5:19-85
198            android:exported="false"
198-->[com.google.android.gms:play-services-base:18.5.0] AndroidManifest.xml:5:146-170
199            android:theme="@android:style/Theme.Translucent.NoTitleBar" />
199-->[com.google.android.gms:play-services-base:18.5.0] AndroidManifest.xml:5:86-145
200
201        <meta-data
201-->[com.google.android.gms:play-services-basement:18.4.0] AndroidManifest.xml:6:9-122
202            android:name="com.google.android.gms.version"
202-->[com.google.android.gms:play-services-basement:18.4.0] AndroidManifest.xml:6:20-65
203            android:value="@integer/google_play_services_version" />
203-->[com.google.android.gms:play-services-basement:18.4.0] AndroidManifest.xml:6:66-119
204
205        <provider
205-->[androidx.emoji2:emoji2:1.2.0] AndroidManifest.xml:24:9-32:20
206            android:name="androidx.startup.InitializationProvider"
206-->[androidx.emoji2:emoji2:1.2.0] AndroidManifest.xml:25:13-67
207            android:authorities="com.example.text_recognition.androidx-startup"
207-->[androidx.emoji2:emoji2:1.2.0] AndroidManifest.xml:26:13-68
208            android:exported="false" >
208-->[androidx.emoji2:emoji2:1.2.0] AndroidManifest.xml:27:13-37
209            <meta-data
209-->[androidx.emoji2:emoji2:1.2.0] AndroidManifest.xml:29:13-31:52
210                android:name="androidx.emoji2.text.EmojiCompatInitializer"
210-->[androidx.emoji2:emoji2:1.2.0] AndroidManifest.xml:30:17-75
211                android:value="androidx.startup" />
211-->[androidx.emoji2:emoji2:1.2.0] AndroidManifest.xml:31:17-49
212            <meta-data
212-->[androidx.lifecycle:lifecycle-process:2.6.2] AndroidManifest.xml:29:13-31:52
213                android:name="androidx.lifecycle.ProcessLifecycleInitializer"
213-->[androidx.lifecycle:lifecycle-process:2.6.2] AndroidManifest.xml:30:17-78
214                android:value="androidx.startup" />
214-->[androidx.lifecycle:lifecycle-process:2.6.2] AndroidManifest.xml:31:17-49
215            <meta-data
215-->[androidx.profileinstaller:profileinstaller:1.3.0] AndroidManifest.xml:29:13-31:52
216                android:name="androidx.profileinstaller.ProfileInstallerInitializer"
216-->[androidx.profileinstaller:profileinstaller:1.3.0] AndroidManifest.xml:30:17-85
217                android:value="androidx.startup" />
217-->[androidx.profileinstaller:profileinstaller:1.3.0] AndroidManifest.xml:31:17-49
218        </provider>
219
220        <service
220-->[androidx.camera:camera-camera2:1.3.3] AndroidManifest.xml:24:9-33:19
221            android:name="androidx.camera.core.impl.MetadataHolderService"
221-->[androidx.camera:camera-camera2:1.3.3] AndroidManifest.xml:25:13-75
222            android:enabled="false"
222-->[androidx.camera:camera-camera2:1.3.3] AndroidManifest.xml:26:13-36
223            android:exported="false" >
223-->[androidx.camera:camera-camera2:1.3.3] AndroidManifest.xml:27:13-37
224            <meta-data
224-->[androidx.camera:camera-camera2:1.3.3] AndroidManifest.xml:30:13-32:89
225                android:name="androidx.camera.core.impl.MetadataHolderService.DEFAULT_CONFIG_PROVIDER"
225-->[androidx.camera:camera-camera2:1.3.3] AndroidManifest.xml:31:17-103
226                android:value="androidx.camera.camera2.Camera2Config$DefaultProvider" />
226-->[androidx.camera:camera-camera2:1.3.3] AndroidManifest.xml:32:17-86
227        </service> <!-- The minimal version code of ARCore APK required for an app using this SDK. -->
228        <meta-data
228-->[com.google.ar:core:1.22.0] AndroidManifest.xml:36:9-38:41
229            android:name="com.google.ar.core.min_apk_version"
229-->[com.google.ar:core:1.22.0] AndroidManifest.xml:37:13-62
230            android:value="202940000" /> <!-- This activity is critical for installing ARCore when it is not already present. -->
230-->[com.google.ar:core:1.22.0] AndroidManifest.xml:38:13-38
231        <activity
231-->[com.google.ar:core:1.22.0] AndroidManifest.xml:40:9-46:80
232            android:name="com.google.ar.core.InstallActivity"
232-->[com.google.ar:core:1.22.0] AndroidManifest.xml:41:13-62
233            android:configChanges="keyboardHidden|orientation|screenSize"
233-->[com.google.ar:core:1.22.0] AndroidManifest.xml:42:13-74
234            android:excludeFromRecents="true"
234-->[com.google.ar:core:1.22.0] AndroidManifest.xml:43:13-46
235            android:exported="false"
235-->[com.google.ar:core:1.22.0] AndroidManifest.xml:44:13-37
236            android:launchMode="singleTop"
236-->[com.google.ar:core:1.22.0] AndroidManifest.xml:45:13-43
237            android:theme="@android:style/Theme.Material.Light.Dialog.Alert" />
237-->[com.google.ar:core:1.22.0] AndroidManifest.xml:46:13-77
238
239        <service
239-->[com.google.android.datatransport:transport-backend-cct:2.3.3] AndroidManifest.xml:29:9-35:19
240            android:name="com.google.android.datatransport.runtime.backends.TransportBackendDiscovery"
240-->[com.google.android.datatransport:transport-backend-cct:2.3.3] AndroidManifest.xml:30:13-103
241            android:exported="false" >
241-->[com.google.android.datatransport:transport-backend-cct:2.3.3] AndroidManifest.xml:31:13-37
242            <meta-data
242-->[com.google.android.datatransport:transport-backend-cct:2.3.3] AndroidManifest.xml:32:13-34:39
243                android:name="backend:com.google.android.datatransport.cct.CctBackendFactory"
243-->[com.google.android.datatransport:transport-backend-cct:2.3.3] AndroidManifest.xml:33:17-94
244                android:value="cct" />
244-->[com.google.android.datatransport:transport-backend-cct:2.3.3] AndroidManifest.xml:34:17-36
245        </service>
246        <service
246-->[com.google.android.datatransport:transport-runtime:2.2.6] AndroidManifest.xml:26:9-30:19
247            android:name="com.google.android.datatransport.runtime.scheduling.jobscheduling.JobInfoSchedulerService"
247-->[com.google.android.datatransport:transport-runtime:2.2.6] AndroidManifest.xml:27:13-117
248            android:exported="false"
248-->[com.google.android.datatransport:transport-runtime:2.2.6] AndroidManifest.xml:28:13-37
249            android:permission="android.permission.BIND_JOB_SERVICE" >
249-->[com.google.android.datatransport:transport-runtime:2.2.6] AndroidManifest.xml:29:13-69
250        </service>
251
252        <receiver
252-->[com.google.android.datatransport:transport-runtime:2.2.6] AndroidManifest.xml:32:9-34:40
253            android:name="com.google.android.datatransport.runtime.scheduling.jobscheduling.AlarmManagerSchedulerBroadcastReceiver"
253-->[com.google.android.datatransport:transport-runtime:2.2.6] AndroidManifest.xml:33:13-132
254            android:exported="false" />
254-->[com.google.android.datatransport:transport-runtime:2.2.6] AndroidManifest.xml:34:13-37
255        <receiver
255-->[androidx.profileinstaller:profileinstaller:1.3.0] AndroidManifest.xml:34:9-52:20
256            android:name="androidx.profileinstaller.ProfileInstallReceiver"
256-->[androidx.profileinstaller:profileinstaller:1.3.0] AndroidManifest.xml:35:13-76
257            android:directBootAware="false"
257-->[androidx.profileinstaller:profileinstaller:1.3.0] AndroidManifest.xml:36:13-44
258            android:enabled="true"
258-->[androidx.profileinstaller:profileinstaller:1.3.0] AndroidManifest.xml:37:13-35
259            android:exported="true"
259-->[androidx.profileinstaller:profileinstaller:1.3.0] AndroidManifest.xml:38:13-36
260            android:permission="android.permission.DUMP" >
260-->[androidx.profileinstaller:profileinstaller:1.3.0] AndroidManifest.xml:39:13-57
261            <intent-filter>
261-->[androidx.profileinstaller:profileinstaller:1.3.0] AndroidManifest.xml:40:13-42:29
262                <action android:name="androidx.profileinstaller.action.INSTALL_PROFILE" />
262-->[androidx.profileinstaller:profileinstaller:1.3.0] AndroidManifest.xml:41:17-91
262-->[androidx.profileinstaller:profileinstaller:1.3.0] AndroidManifest.xml:41:25-88
263            </intent-filter>
264            <intent-filter>
264-->[androidx.profileinstaller:profileinstaller:1.3.0] AndroidManifest.xml:43:13-45:29
265                <action android:name="androidx.profileinstaller.action.SKIP_FILE" />
265-->[androidx.profileinstaller:profileinstaller:1.3.0] AndroidManifest.xml:44:17-85
265-->[androidx.profileinstaller:profileinstaller:1.3.0] AndroidManifest.xml:44:25-82
266            </intent-filter>
267            <intent-filter>
267-->[androidx.profileinstaller:profileinstaller:1.3.0] AndroidManifest.xml:46:13-48:29
268                <action android:name="androidx.profileinstaller.action.SAVE_PROFILE" />
268-->[androidx.profileinstaller:profileinstaller:1.3.0] AndroidManifest.xml:47:17-88
268-->[androidx.profileinstaller:profileinstaller:1.3.0] AndroidManifest.xml:47:25-85
269            </intent-filter>
270            <intent-filter>
270-->[androidx.profileinstaller:profileinstaller:1.3.0] AndroidManifest.xml:49:13-51:29
271                <action android:name="androidx.profileinstaller.action.BENCHMARK_OPERATION" />
271-->[androidx.profileinstaller:profileinstaller:1.3.0] AndroidManifest.xml:50:17-95
271-->[androidx.profileinstaller:profileinstaller:1.3.0] AndroidManifest.xml:50:25-92
272            </intent-filter>
273        </receiver>
274    </application>
275
276</manifest>